------------------------------------------------------------------
      name:  <unnamed>
       log:  C:\Users\floo0017\Desktop\research\ATUSGenderSequence
> Analysis\do_files\log_files/02_code_activities_2017.09.07.log
  log type:  text
 opened on:   7 Sep 2017, 18:31:44

. use ../data/generated_data_files/extract_a.dta;

. /*1. here we're going to group activities together in local macr
> os that we can use later
> 
> Groups are:
> 
> Paid Work & Education
> Household Work (Housework, Shopping/Services)
> Care Work (Child Care, Elder Care)
> Self Care (sleep, eating, grooming)
> */
> 
> /*Paid Work & Education -- and related travel*/
> local workedu_codes (activity>=050100 & activity<060000) | (acti
> vity>=060100 & activity<070000) | activity==160103 | (activity>=
> 180500 & activity<180600) | (activity>=180600 & activity<180700)
> ;

.  local workedu_label Paid Work & Education;

. local hwork_codes (activity>=020100 & activity<030000) | (activi
> ty>=080200 & activity<080300) | (activity>=080700 & activity<080
> 800) | (activity>=090100 & activity<100000) | inlist(activity,70
> 101,180701,180904,180807,180903,080699,160106) ;

.  local hwork_label Household work;

.         local dailyhswk_codes (activity>=020100 & activity<03000
> 0);

.         local dailyhswk_label Cooking/Cleaning/Laundry;

.         local elsehswk_codes (activity>=080200 & activity<080300
> ) | (activity>=080700 & activity<080800) | (activity>=090100 & a
> ctivity<100000) | inlist(activity,70101,180701,180904,180807,180
> 903,080699,160106) ;

.         local elsehswk_label Housework NOT cooking/cleaning/laun
> dry;

. local allcare_codes (activity>=030100 & activity<040000) | (acti
> vity>=080100 & activity<080200) | (activity>=180300 & activity<1
> 80400);

.  local allcare_label Childcare & Eldercare;

. local allccare_codes (activity>=030100 & activity<030400) | (act
> ivity>=080100 & activity<080200);

.  local ccare_label Childcare + Svcs;

. local hhcare_codes (activity>=030108 & activity<030600) | activi
> ty==030101;

.  local hhcare_label HH member care (no svcs);

. local devlpcare_codes (activity>=030102 & activity<030107) | (ac
> tivity>=030201 & activity<=030203) | (activity>=080100 & activit
> y<080200) | (activity>=180301 & activity<=180400) | inlist(activ
> ity,039999);

.  local devlpcare_label Developmental Child Care;

. local sleep_codes (activity>=010100 & activity<010200);

.  local sleep_label Sleeping;

. local eating_codes (activity>=110000 & activity<120000) | inlist
> (activity,181101,181199);

.  local eating_label Eating;

. local selfcare_codes (activity>=010100 & activity<020000) | (act
> ivity>=080500 & activity<080600) | inlist(activity,181101,181199
> );

.  local selfcare_label Sleep & Grooming;

. local socleis_codes (activity>=120100 & activity<120300) | (acti
> vity>=120400 & activity<120600) | (activity>=130202 & activity<1
> 30300) | inlist(activity,130302,130402);

.  local socleis_label Social Leisure;

. local passleis_codes (activity>=120300 & activity<120307)| inlis
> t(activity,120503,120308,120399);

.  local passleis_label Passive Leisure;

. local passtele_codes inlist(activity,120303,120304);

.  local passtele_label Passive Television;

. local passnotv_codes inlist(activity,120301,120302,120305,120306
> ,120308,120399,120503);

.  local passnotv_label Passive No TV;

. local actleis_codes (activity>=120309 & activity<120313) | (acti
> vity>=130101 & activity<130200) | inlist(activity,120307,130201,
> 130301,130401,130499);

.  local actleis_label Active Leisure;

. local allleis_codes (activity>=120100 & activity<130000) | (acti
> vity>=130100 & activity<140000);

.  local allleis_label All Leisure;

. local cogleis_codes (activity>=060100 & activity<070000) | (acti
> vity>=120309 & activity<120313) | (activity>=180601 & activity<1
> 80700) | inlist(activity,181204);

.  local cogleis_label Cognitive Leisure;

. local notleis_codes (activity<120000 | activity>=140000);

. local notleis_label Not Leisure;

. local shop_codes (activity>070100 & activity<080000) | (activity
> >=080501 & activit<080600);

. local shop_label Shopping;

. local other_codes selfcare==0 & eating==0 & workedu==0 & allcare
> ==0 & hwork==0 & passleis==0;

. local shop_label Other;

. /*2. now flag activities as belonging to one of each group of ac
> tivities*/
> 
> foreach x in workedu hwork dailyhswk elsehswk allccare allcare h
> hcare devlpcare sleep eating selfcare socleis passleis passtele 
> passnotv actleis allleis notleis cogleis shop other {;
  2.         gen `x'=0;
  3.                 replace `x'=duration if ``x'_codes';
  4.                 label var `x' "``x'_label'";
  5.                         egen `x'sum=sum(`x'), by(caseid);
  6.                 replace `x'sum=0 if `x'sum==.;
  7.                 label var `x'sum "``x'_label' time";
  8.         };
(16,688 real changes made)
(0 real changes made)
(37,112 real changes made)
(0 real changes made)
(31,874 real changes made)
(0 real changes made)
(5,238 real changes made)
(0 real changes made)
(10,325 real changes made)
(0 real changes made)
(14,725 real changes made)
(0 real changes made)
(9,180 real changes made)
(0 real changes made)
(6,010 real changes made)
(0 real changes made)
(23,025 real changes made)
(0 real changes made)
(24,575 real changes made)
(0 real changes made)
(43,175 real changes made)
(0 real changes made)
(6,656 real changes made)
(0 real changes made)
(21,720 real changes made)
(0 real changes made)
(16,644 real changes made)
(0 real changes made)
(5,076 real changes made)
(0 real changes made)
(7,785 real changes made)
(0 real changes made)
(36,196 real changes made)
(0 real changes made)
(171,017 real changes made)
(0 real changes made)
(5,809 real changes made)
(0 real changes made)
(7,321 real changes made)
(0 real changes made)
(53,102 real changes made)
(0 real changes made)

. /*3. check to make sure that the sum of all activities is 1440*/
> 
> /*1. thinking some sort of assert statement here with a message 
> that gets displayed if the assert succeeds or fails
> 2. we can also build in a check to make sure that the sum of det
> ailed hwork categories are the equivalent of the full hwork cate
> gory
> */
> 
> disp "Running tests";
Running tests

. quietly {;
ALL GOOD with dailyhswksum+elsehswksum==hworksum
ALL GOOD with passtelesum+passnotvsum==passleissum
ALL GOOD with allleissum+notleissum==1440

.  //end quietly
> 
> 
> /*4. create one var.iable that contains codes for all major acti
> vities
> This parallels Joanna's variable ACTIVITY. We've already used th
> at name, so call it ACTCAT.*/
> 
> gen actcat=0;

.         replace actcat=1 if selfcare>0;
(43,175 real changes made)

.         replace actcat=2 if eating>0;
(24,575 real changes made)

.         replace actcat=3 if workedu>0;
(16,688 real changes made)

.         replace actcat=4 if allcare>0;
(14,725 real changes made)

.         replace actcat=5 if hwork>0;
(37,112 real changes made)

.         replace actcat=6 if passleis>0;
(21,720 real changes made)

.         replace actcat=7 if other>0;
(53,102 real changes made)

.         label define actcatlbl 1 "Sleep/Self-Care" 2 "Eating" 3 
> "Work & Edu" 4 "Carework" 5 "Housework" 6 "Passive Leisure" 7 "O
> ther";

.         label value actcat actcatlbl;

.         label var actcat "general aggregated activity categories
> ";

. gen dactcat=0;

.         replace dactcat=1 if selfcare>0;
(43,175 real changes made)

.         replace dactcat=2 if eating>0;
(24,575 real changes made)

.         replace dactcat=3 if workedu>0;
(16,688 real changes made)

.         replace dactcat=4 if hhcare>0;
(9,180 real changes made)

.         replace dactcat=5 if devlpcare>0;
(6,010 real changes made)

.         replace dactcat=6 if dailyhswk>0;
(31,874 real changes made)

.         replace dactcat=7 if elsehswk>0;
(5,238 real changes made)

.         replace dactcat=8 if passtele>0;
(16,644 real changes made)

.         replace dactcat=9 if passnotv>0;
(5,076 real changes made)

.         replace dactcat=10 if actleis>0;
(7,785 real changes made)

.         replace dactcat=11 if socleis>0;
(6,656 real changes made)

.         replace dactcat=12 if shop>0;
(7,321 real changes made)

.         replace dactcat=13 if dactcat==0;
(33,242 real changes made)

.         label define dactcatlbl 1 "Sleep/Self-Care" 2 "Eating" 3
>  "Work & Edu" 4 "Daily Carework" 5 "Devlp Care" 6 "Daily Hswk" 7
>  "Other Hswk" 8 "Television" 9 "Pass Leis" 10 "Active Leis" 11 "
> Social Leis" 12 "Shopping" 13 "Other";

.         label value dactcat dactcatlbl;

.         label var dactcat "detailed aggregated activity categori
> es";

. save ../data/generated_data_files/ATUS_activities.dta, replace;
(note: file ../data/generated_data_files/ATUS_activities.dta not f
> ound)
file ../data/generated_data_files/ATUS_activities.dta saved

. log close;
      name:  <unnamed>
       log:  C:\Users\floo0017\Desktop\research\ATUSGenderSequence
> Analysis\do_files\log_files/02_code_activities_2017.09.07.log
  log type:  text
 closed on:   7 Sep 2017, 18:31:54
------------------------------------------------------------------
