-----------------------------------------------------------------------------------------------------------
      name:  <unnamed>
       log:  /pkg/time-use/GitHub/ATUSGenderSequenceAnalysis/do_files/log_files/02_sequence_setup_2017.08.2
> 2.log
  log type:  text
 opened on:  22 Aug 2017, 09:41:29

. use ../data/generated_data_files/extract.dta;

. /*1. here we're going to group activities together in local macros that we can use later*/
> 
> /*Paid Work & Education -- and related travel*/
> local workedu_codes (activity>=050100 & activity<060000) | (activity>=060100 & activity<070000) | activit
> y==160103 | (activity>=180500 & activity<180600) | (activity>=180600 & activity<180700);

.  local workedu_label "Paid Work & Education";

. /*2. now flag activities as belonging to one of each group of activities*/
> 
> foreach x in workedu {;
  2.         gen `x'=0;
  3.                 replace `x'=1 if ``x'_codes';
  4.                 label var `x' "``x'_label'";
  5.                         egen `x'sum=total(duration) if `x'==1, by(caseid);
  6.                 replace `x'sum=0 if `x'==.;
  7.         };
(16,688 real changes made)
(190525 missing values generated)
(0 real changes made)

. /*3. check to make sure that the sum of all activities is 1440*/
> 
> /*1. thinking some sort of assert statement here with a message that gets displayed if the assert succeed
> s or fails
> 2. we can also build in a check to make sure that the sum of detailed hwork categories are the equivalent
>  of the full hwork category
> */
> 
> log close;
      name:  <unnamed>
       log:  /pkg/time-use/GitHub/ATUSGenderSequenceAnalysis/do_files/log_files/02_sequence_setup_2017.08.2
> 2.log
  log type:  text
 closed on:  22 Aug 2017, 09:41:30
-----------------------------------------------------------------------------------------------------------
