------------------------------------------------------------------
      name:  <unnamed>
       log:  C:\Users\floo0017\Desktop\research\ATUSGenderSequence
> Analysis\do_files\log_files/03_code_person_vars_2017.09.07.log
  log type:  text
 opened on:   7 Sep 2017, 18:49:40

. use ../data/generated_data_files/extract_hp.dta;

. /*note that Joanna does roster and CPS recodes separately. with 
> ATUS-X we can do them all at once.*/
> 
> rename hh_size numterrp;

. gen _spouse=(relate==20);

. gen _umpartner=(relate==21);

. gen _hhchild=(relate==22);

. gen _hhchildu18=(relate==22 & age<18);

. gen _hhchildo18=(relate==22 & age>=18);

. gen _hhchildu13=(relate==22 & age<13);

. gen _grandchild=(relate==23);

. gen _grandchildu18=(relate==23 & age<18);

. gen _grandchildo18=(relate==23 & age>=18);

. gen _parent=(relate==24);

. gen _sibling=(relate==25);

. gen _siblingo18=(relate==25 & age>=18);

. gen _otherrelative=(relate==26);

. gen _foster=(relate==27);

. gen _othernonrelative=(relate==30);

. gen _notinhh=(relate==40);

. gen _kidu2dum=(relate==22 & age<2);

. gen _kid2to5=((relate==22 | relate==27) & (age>=2 | age<=5));

. gen _exfamdum=(_hhchildo18==1 | _parent==1 | _siblingo18==1 | _o
> therrelative==1);

. foreach v in spouse umpartner hhchild hhchildu18 hhchildo18 hhch
> ildu13 grandchild grandchildu18 grandchildo18 parent sibling sib
> lingo18 otherrelative foster othernonrelative notinhh kidu2dum k
> id2to5 exfamdum {;
  2.         cap confirm var _`v';
  3.         if _rc {;
  4.                 disp "!!!!!`v' does not exist!!!!!";
  5.                 };
  6.         quietly egen `v'=max(_`v'), by(caseid);
  7.         *drop _`v';
.         };

. /*respondent characteristics*/
> gen refemale=(sex==2 & lineno==1);

. gen rage=age if lineno==1;
(17,391 missing values generated)

. gen nevmar=(spousepres==3 & marst==6);

. gen separated=(spousepres==3 & marst==5);

. gen divorced=(spousepres==3 & marst==4);

. gen widowed=(spousepres==3 & marst==3);

. gen married=(spousepres==1);

. /*umpartner=1 is cohabiting*/
> 
> egen marrmiss=rowmiss(nevmar separated divorced widowed married 
> umpartner) if lineno==1;
(17391 missing values generated)

. assert marrmiss==0 if lineno==1;

. if !_rc {;
.         drop marrmiss;
.         };

. gen marstat=0;

.         replace marstat=1 if married==1;
(4,919 real changes made)

.         replace marstat=2 if nevmar==1;
(2,395 real changes made)

.         replace marstat=3 if umpartner==1;
(1,186 real changes made)

.         replace marstat=4 if divorced==1 | separated==1 | widowe
> d==1;
(2,605 real changes made)

.         replace marstat=. if lineno!=1;
(17,391 real changes made, 17,391 to missing)

.         label define marstatlbl 1 "Married" 2 "Never Married" 3 
> "cohabiting"  4 "divorced/sep/widowed", replace;

.         label values marstat marstatlbl;

. assert marstat!=0 if lineno==1;
190 contradictions in 10,493 observations
assertion is false
r(9);

end of do-file

r(9);

. log close
      name:  <unnamed>
       log:  C:\Users\floo0017\Desktop\research\ATUSGenderSequence
> Analysis\do_files\log_files/03_code_person_vars_2017.09.07.log
  log type:  text
 closed on:   7 Sep 2017, 18:49:47
------------------------------------------------------------------
